0:100  0:100  MemLog inited, TSC freq: 1801110350
0:100  0:000  CPU was calibrated with RTC
0:100  0:000  
0:100  0:000  Now is 5.4.2019,  15:32:58 (GMT)
0:100  0:000  Starting Clover revision: 4918 on Phoenix Technologies Ltd. EFI
0:100  0:000  Build with: [Args: -mc --no-usb -D NO_GRUB_DRIVERS_EMBEDDED -t XCODE8 | -D DISABLE_USB_SUPPORT -D NO_GRUB_DRIVERS_EMBEDDED --conf=/Users/mison/src/edk2/Conf -D USE_BIOS_BLOCKIO -D USE_LOW_EBDA -a X64 -b RELEASE -t XCODE8 -n 9 | OS: 10.14.4 | XCODE: 9.4.1]
0:100  0:000  SelfDevicePath=PciRoot(0x0)\Pci(0x1C,0x0)\Pci(0x0,0x0)\NVMe(0x1,6F-A2-52-44-8B-44-1B-00)\HD(1,GPT,3BD9A607-A398-41BE-BF3B-20992D9BE59D,0x28,0x64000) @AA03EB18
0:100  0:000  SelfDirPath = \EFI\CLOVER
0:100  0:000  === [ Get Smbios ] ========================================
0:100  0:000  Type 16 Index = 0
0:100  0:000  Total Memory Slots Count = 2
0:100  0:000  Type 17 Index = 0
0:100  0:000  SmbiosTable.Type17->Speed = 2400MHz
0:100  0:000  SmbiosTable.Type17->Size = 16384MB
0:100  0:000  SmbiosTable.Type17->Bank/Device = BANK 0 ChannelA-DIMM0
0:100  0:000  SmbiosTable.Type17->Vendor = Micron
0:100  0:000  SmbiosTable.Type17->SerialNumber = E238BC0D
0:100  0:000  SmbiosTable.Type17->PartNumber = 16ATF2G64HZ-2G3DZ   
0:100  0:000  Type 17 Index = 1
0:100  0:000  SmbiosTable.Type17->Speed = 2400MHz
0:100  0:000  SmbiosTable.Type17->Size = 8192MB
0:100  0:000  SmbiosTable.Type17->Bank/Device = BANK 2 ChannelB-DIMM0
0:100  0:000  SmbiosTable.Type17->Vendor = 0000
0:100  0:000  SmbiosTable.Type17->SerialNumber = 00000000
0:100  0:000  SmbiosTable.Type17->PartNumber = MEM-DOWN            
0:100  0:000  Boot status=0
0:100  0:000  Running on: '14Z980-G.AA52C' with board '14Z980'
0:100  0:000  === [ GetCPUProperties ] ==================================
0:100  0:000  CPU Vendor = 756E6547 Model=806EA
0:100  0:000   The CPU supported SSE4.1
0:100  0:000  BrandString = Intel(R) Core(TM) i5-8250U CPU @ 1.60GHz
0:100  0:000   The CPU supported turbo
0:100  0:000  MSR 0x35               40008
0:100  0:000   TSC/CCC Information Leaf:
0:100  0:000    numerator     : 150
0:100  0:000    denominator   : 2
0:100  0:000   Calibrated ARTFrequency: 24014804
0:100  0:000  MSR 0xE2 before patch 1E008008
0:100  0:000  MSR 0xE2 is locked, PM patches will be turned on
0:100  0:000  MSR 0xCE              0004043D_F1011200
0:100  0:000  corrected FLEX_RATIO = 0
0:100  0:000  MSR 0x1B0             00000000
0:100  0:000  FSBFrequency = 167 MHz, DMI FSBFrequency = 100 MHz, Corrected FSBFrequency = 100 MHz
0:100  0:000  MaxDiv/MinDiv: 18.0/4
0:100  0:000  Turbo: 34/34/34/34
0:100  0:000  Features: 0xBFEBFBFF
0:100  0:000  Threads: 8
0:100  0:000  Cores: 4
0:100  0:000  FSB: 100 MHz
0:100  0:000  CPU: 3000 MHz
0:100  0:000  TSC: 3000 MHz
0:100  0:000  PIS: 100 MHz
0:100  0:000  ExternalClock: 25 MHz
0:100  0:000  === [ GetDevices ] ========================================
0:100  0:000  PCI (00|00:00.00) : 8086 5914 class=060000
0:100  0:000  PCI (00|00:02.00) : 8086 5917 class=030000
0:100  0:000   - GFX: Model=Intel UHD Graphics 620 (Intel)
0:100  0:000  PCI (00|00:04.00) : 8086 1903 class=118000
0:100  0:000  PCI (00|00:14.00) : 8086 9D2F class=0C0330
0:100  0:000  PCI (00|00:14.02) : 8086 9D31 class=118000
0:100  0:000  PCI (00|00:15.00) : 8086 9D60 class=118000
0:100  0:000  PCI (00|00:15.03) : 8086 9D63 class=118000
0:100  0:000  PCI (00|00:16.00) : 8086 9D3A class=078000
0:100  0:000  PCI (00|00:1C.00) : 8086 9D14 class=060400
0:100  0:000  PCI (00|01:00.00) : 15B7 5002 class=010802
0:100  0:000  PCI (00|00:1D.00) : 8086 9D18 class=060400
0:100  0:000  PCI (00|02:00.00) : 14E4 43A0 class=028000
0:100  0:000   - WIFI: Vendor=Broadcom
0:100  0:000  PCI (00|00:1D.02) : 8086 9D1A class=060400
0:100  0:000  PCI (00|03:00.00) : 10EC 522A class=FF0000
0:100  0:000  PCI (00|00:1D.03) : 8086 9D1B class=060400
0:100  0:000  PCI (00|04:00.00) : 8086 24FD class=028000
0:100  0:000   - WIFI: Vendor=Intel
0:100  0:000  PCI (00|00:1F.00) : 8086 9D4E class=060100
0:101  0:000  PCI (00|00:1F.02) : 8086 9D21 class=058000
0:101  0:000  PCI (00|00:1F.03) : 8086 9D71 class=040300
0:101  0:000  PCI (00|00:1F.04) : 8086 9D23 class=0C0500
0:101  0:000  === [ GetDefaultSettings ] ================================
0:101  0:000  Clover load options size = 0 bytes
0:105  0:004  EFI\CLOVER\config.plist loaded: Success
0:105  0:000  === [ GetListOfThemes ] ===================================
0:106  0:001  - [00]: SimpleThemeDark
0:107  0:000  - [01]: Minimalism
0:107  0:000  === [ Found config plists ] ===============================
0:108  0:000  - config.plist
0:108  0:000  === [ GetEarlyUserSettings ] ==============================
0:108  0:000  timeout set to 2
0:108  0:000  Custom boot CUSTOM_BOOT_THEME (0x0)
0:108  0:000  ForceKextsToLoad: 1 requested
0:108  0:000   - [0]: System\Library\Extensions\IONetworkingFamily.kext
0:108  0:000  KextsToPatch: 17 requested
0:108  0:000   - [00]: AppleIntelBDWGraphicsFramebuffer (DVMT for AppleIntelBDWGraphicsFramebuffer (Credits DalianSky) for 10.14.x) :: MatchOS: 10.14.x :: BinPatch :: data len: 5
0:108  0:000   - [01]: AppleIntelSKLGraphicsFramebuffer (DVMT for AppleIntelSKLGraphicsFramebuffer (Credits DalianSky) for 10.14.x) :: MatchOS: 10.14.x :: BinPatch :: data len: 5
0:108  0:000   - [02]: AppleIntelKBLGraphicsFramebuffer﻿﻿﻿ (DVMT for AppleIntelKBLGraphicsFramebuffer (Credits DalianSky) for 10.14.x) :: MatchOS: 10.14.x :: BinPatch :: data len: 5
0:108  0:000   - [03]: AppleIntelCFLGraphicsFramebuffer (DVMT for AppleIntelCFLGraphicsFramebuffer (Credits DalianSky) for 10.14.x) :: MatchOS: 10.14.x :: BinPatch :: data len: 5
0:108  0:000   - [04]: AppleIntelCFLGraphicsFramebuffer (DVMT for AppleIntelCFLGraphicsFramebuffer (Credits DalianSky) for 10.14.x) :: MatchOS: 10.14.x :: BinPatch :: data len: 5
0:108  0:000   - [05]: com.apple.iokit.IOUSBHostFamily (USB port limit patch 10.14.x modify by DalianSky(credit ydeng)) :: MatchOS: 10.14.x :: BinPatch :: data len: 4
0:108  0:000   - [06]: com.apple.iokit.IOUSBHostFamily (USB port limit patch 10.14.x modify by DalianSky(credit PMHeart)) :: MatchOS: 10.14.x :: BinPatch :: data len: 4
0:108  0:000   - [07]: com.apple.driver.usb.AppleUSBXHCI (USB Port limit patch 10.14.x modify by DalianSky(credits PMheart)) :: MatchOS: 10.14.x :: BinPatch :: data len: 4
0:108  0:000   - [08]: com.apple.driver.usb.AppleUSBXHCI (USB Port limit patch 10.14.x modify by DalianSky(credits PMheart)) :: MatchOS: 10.14.x :: BinPatch :: data len: 4
0:108  0:000   - [09]: IOBufferCopyController (disable IOBufferCopyController (Credit by DalianSky)) :: PlistPatch :: data len: 5
0:108  0:000   - [10]: AppleIntelLpssI2C (Disable AppleIntelLpssI2C (credit by Coolstar)) :: PlistPatch :: data len: 5
0:108  0:000   - [11]: AppleIntelLpssI2CController (Disable AppleIntelLpssI2CCOntroller (credit by Coolstar)) :: PlistPatch :: data len: 5
0:108  0:000   - [12]: com.apple.driver.AppleBacklight (AppleBacklightInjector.kext (credit RehabMan)) :: BinPatch :: data len: 9
0:108  0:000   - patch disabled at config
0:108  0:000   - [13]: com.apple.iokit.IOAHCIBlockStorage (Enable TRIM for SSD) :: BinPatch :: data len: 11
0:108  0:000   - [14]: com.apple.driver.usb.AppleUSBXHCI (10.13.x USB Port Limit Patch) :: MatchOS: 10.13.x :: BinPatch :: data len: 10
0:108  0:000   - [15]: com.apple.driver.usb.AppleUSBXHCI (USB Port limit patch 10.14 (credits FredWst)) :: MatchOS: 10.14 :: BinPatch :: data len: 9
0:108  0:000   - [16]: com.apple.driver.usb.AppleUSBXHCI (USB Port limit patch 10.14.1 18B50C (credits DalianSky)) :: MatchOS: 10.14.1 :: BinPatch :: data len: 9
0:108  0:000  KernelToPatch: 4 requested
0:108  0:000   - [00]: Disable panic kext logging on 10.13 Debug kernel :: MatchOS: 10.13.x :: data len: 6
0:108  0:000   - [01]: Disable panic kext logging on 10.13 Release kernel :: MatchOS: 10.13.x :: data len: 6
0:108  0:000   - [02]: Disable panic kext logging on 10.14 Release kernel (c) vit9696 :: MatchOS: 10.14.x :: data len: 6
0:108  0:000   - [03]: MSR 0xE2 _xcpm_idle instant reboot(c) Pike R. Alpha :: data len: 8
0:108  0:000  Default theme: Minimalism
0:108  0:000  Hiding entries with string Preboot
0:108  0:000  Hiding entries with string Recovery
0:108  0:000  Hiding entries with string Windows
0:108  0:000  === [ LoadDrivers ] =======================================
0:108  0:000  Loading HFSPlus.efi  status=Success
0:111  0:002   - driver needs connecting
0:111  0:000  Loading DataHubDxe-64.efi  status=Success
0:117  0:005  Loading FSInject-64.efi  status=Success
0:120  0:003  Loading ApfsDriverLoader-64.efi  status=Success
0:123  0:002   - driver needs connecting
0:123  0:000  Loading AppleUISupport-64.efi  status=Success
0:227  0:104  Loading AptioMemoryFix-64.efi  status=Success
0:230  0:002  Loading NvmExpressDxe-64.efi  status=Success
0:233  0:002   - driver needs connecting
0:233  0:000  Loading AudioDxe-64.efi  status=Success
0:236  0:003   - driver needs connecting
0:236  0:000  Loading VirtualSmc.efi  status=Success
0:239  0:003  Loading AppleImageLoader-64.efi  status=Success
0:242  0:002  Loading AppleKeyFeeder-64.efi  status=Success
0:246  0:003  4 drivers needs connecting ...
0:246  0:000  PlatformDriverOverrideProtocol->GetDriver overriden
0:246  0:000  HFS+ driver loaded
0:246  0:000  APFS driver loaded
0:246  0:000  Searching for invalid DiskIo BY_DRIVER connects: not found, all ok
3:866  3:620  === [ InitScreen ] ========================================
3:866  0:000  Console modes reported: 5, available modes:
3:866  0:000   - [01]: 80x25
3:866  0:000   - [02]: 80x50
3:866  0:000   - [03]: 128x40
3:866  0:000   - [04]: 100x31
3:866  0:000   - [05]: 240x56 (current mode)
3:866  0:000  SetScreenResolution: 1920x1080 - already set
3:866  0:000  SetScreenResolution: 1920x1080 - already set
3:866  0:000  reinit: self device path=PciRoot(0x0)\Pci(0x1C,0x0)\Pci(0x0,0x0)\NVMe(0x1,6F-A2-52-44-8B-44-1B-00)\HD(1,GPT,3BD9A607-A398-41BE-BF3B-20992D9BE59D,0x28,0x64000)
3:866  0:000  === [ GetMacAddress ] =====================================
3:866  0:000   get legacy LAN MAC, 0 card found
3:866  0:000  === [ ScanSPD ] ===========================================
3:867  0:000  Scanning SMBus [8086:9D23], mmio: 0xD1634004, ioport: 0xEFA0, hostc: 0x11
3:885  0:018  Slot: 0 Type 26 16384MB 2400MHz Vendor=Micron Technology PartNo=16ATF2G64HZ-2G3DZ SerialNo=0E0203080B0C000D
3:886  0:001  === [ GetAcpiTablesList ] =================================
3:886  0:000  Get Acpi Tables List from RSDT:
3:886  0:000   - [00]: FACP  LGPC     len=268
3:886  0:000   - [01]: SSDT  XnSsdt  len=16677
3:886  0:000   - [02]: SSDT  Ther_Xnt len=1299
3:886  0:000   - [03]: SSDT  FwiTable len=20064
3:886  0:000   - [04]: SSDT  DptfTabl len=34423
3:886  0:000   - [05]: SSDT  Tpm2Tabl len=1219
3:886  0:000   - [06]: SSDT  MeSsdt  len=70
3:886  0:000   - [07]: TPM2  LGPC     len=52
3:886  0:000   - [08]: UEFI  LGPC     len=66
3:886  0:000   - [09]: SSDT  SaSsdt  len=12560
3:886  0:000   - [10]: HPET  LGPC     len=56
3:886  0:000   - [11]: APIC  LGPC     len=300
3:886  0:000   - [12]: MCFG  LGPC     len=60
3:886  0:000   - [13]: SSDT  xh_rvp07 len=3790
3:886  0:000   - [14]: BOOT  LGPC     len=40
3:886  0:000   - [15]: BATB  LGPC     len=74
3:886  0:000   - [16]: PMCT  LGPC     len=82
3:886  0:000   - [17]: SSDT  CpuSsdt len=6062
3:886  0:000   - [18]: SSDT  UsbCTabl len=4249
3:886  0:000   - [19]: LPIT  LGPC     len=148
3:886  0:000   - [20]: WSMT  LGPC     len=40
3:886  0:000   - [21]: SSDT  HdaDsp len=321
3:886  0:000   - [22]: SSDT  TbtTypeC len=1303
3:886  0:000   - [23]: DBGP  LGPC     len=52
3:886  0:000   - [24]: DBG2  LGPC     len=84
3:886  0:000   - [25]: MSDM  LGPC     len=85
3:886  0:000   - [26]: DMAR  LGPC     len=240
3:886  0:000   - [27]: FPDT  LGPC     len=68
3:886  0:000   - [28]: BGRT  LGPC     len=56
3:886  0:000   - [29]: UEFI  LGPC     len=298
3:886  0:000  Calibrated TSC Frequency = 1801110350 = 1801MHz
3:886  0:000  === [ GetUserSettings ] ===================================
3:887  0:000  Add 2 devices:
3:887  0:000  USB FixOwnership: yes
3:887  0:000  Dropping 2 tables:
3:887  0:000   - [00]: Drop table  signature="#MCF" (46434D23)
3:887  0:000           - set table: 46434D23,                0 to drop: no
3:887  0:000   - [01]: Drop table  signature="DMAR" (52414D44)
3:887  0:000           - set table: 52414D44,                0 to drop: yes
3:887  0:000   - final DSDT Fix mask=10000000
3:887  0:000  PatchesDSDT: 13 requested
3:887  0:000   - [00]: (change _DSM to XSDM) lenToFind: 4, lenToReplace: 4, Target Bridge: <null string>
3:887  0:000    patch disabled at config
3:887  0:000   - [01]: (change OSID to IDOS) lenToFind: 4, lenToReplace: 4, Target Bridge: <null string>
3:887  0:000    patch disabled at config
3:887  0:000   - [02]: (change _OSI to XOSI) lenToFind: 4, lenToReplace: 4, Target Bridge: <null string>
3:887  0:000    patch disabled at config
3:887  0:000   - [03]: (change HDAS to HDEF) lenToFind: 4, lenToReplace: 4, Target Bridge: <null string>
3:887  0:000   - [04]: (change HECI to IMEI) lenToFind: 4, lenToReplace: 4, Target Bridge: <null string>
3:887  0:000   - [05]: (change GFX0 to IGPU) lenToFind: 4, lenToReplace: 4, Target Bridge: <null string>
3:887  0:000   - [06]: (change SAT0 to SATA) lenToFind: 4, lenToReplace: 4, Target Bridge: <null string>
3:887  0:000   - [07]: (change PCI0.VID to IGPU #1 (Thinkpad)) lenToFind: 8, lenToReplace: 8, Target Bridge: <null string>
3:887  0:000   - [08]: (change PCI0.VID to IGPU #2 (Thinkpad)) lenToFind: 14, lenToReplace: 14, Target Bridge: <null string>
3:887  0:000   - [09]: (Rename EHC1 to EH01 (USB)) lenToFind: 4, lenToReplace: 4, Target Bridge: <null string>
3:887  0:000   - [10]: (Rename EHC2 to EH02 (USB)) lenToFind: 4, lenToReplace: 4, Target Bridge: <null string>
3:887  0:000   - [11]: (Rename XHCI to XHC (USB)) lenToFind: 4, lenToReplace: 3, Target Bridge: <null string>
3:887  0:000   - [12]: (Rename XHC1 to XHC (USB)) lenToFind: 4, lenToReplace: 3, Target Bridge: <null string>
3:887  0:000  Using ProductName from config: MacBookPro15,2
3:887  0:000  Found same BiosVersion in clover and config
3:887  0:000  BiosVersion: MBP152.88Z.F000.B00.1809171524
3:887  0:000  BiosReleaseDate: 09/17/2018
3:887  0:000  Using EfiVersion from config: 220.240.2.0.0
3:887  0:000  Using FirmwareFeatures from config: 0xFC0FE137
3:887  0:000  Using FirmwareFeaturesMask from config: 0xFF1FFF3F
3:887  0:000  Board-ID set from config as Mac-827FB448E656EC26
3:887  0:000  BoardType: 0xA
3:887  0:000  ChassisType: 0x9
3:887  0:000  Converted CustomUUID BDD0EB21-873A-5883-88F8-367BB0B850BE
3:887  0:000  === [ Found DSDT tables ] =================================
3:887  0:000  - DSDT.aml
5:054  1:167  === [ ScanVolumes ] =======================================
5:054  0:000  Found 11 volumes with blockIO
5:054  0:000  - [00]: Volume: PciRoot(0x0)\Pci(0x14,0x0)\USB(0xE,0x0)
5:056  0:001          USB volume
5:056  0:000  - [01]: Volume: PciRoot(0x0)\Pci(0x14,0x0)\USB(0xE,0x0)\HD(1,GPT,CA4E6739-6927-4AEB-90B6-83139E037251,0x22,0x7FDE)
5:056  0:000          USB volume
5:056  0:000  - [02]: Volume: PciRoot(0x0)\Pci(0x14,0x0)\USB(0xE,0x0)\HD(2,GPT,05F820FF-E4CD-42AE-8912-C91672650AE6,0x8000,0xAF000)
5:056  0:000          Result of bootcode detection: bootable Windows (vista,win)
5:056  0:000          USB volume
5:057  0:000  - [03]: Volume: PciRoot(0x0)\Pci(0x14,0x0)\USB(0xE,0x0)\HD(3,GPT,DB51D396-F72B-489B-9384-6618D97ACF93,0xB7000,0x1DC3C000)
5:057  0:000          Result of bootcode detection: bootable Windows (vista,win)
5:057  0:000          USB volume
5:057  0:000  - [04]: Volume: PciRoot(0x0)\Pci(0x1C,0x0)\Pci(0x0,0x0)\NVMe(0x1,6F-A2-52-44-8B-44-1B-00)
5:057  0:000  - [05]: Volume: PciRoot(0x0)\Pci(0x1C,0x0)\Pci(0x0,0x0)\NVMe(0x1,6F-A2-52-44-8B-44-1B-00)\HD(1,GPT,3BD9A607-A398-41BE-BF3B-20992D9BE59D,0x28,0x64000)
5:057  0:000          Result of bootcode detection: bootable Windows (win)
5:057  0:000          This is SelfVolume !!
5:058  0:000  - [06]: Volume: PciRoot(0x0)\Pci(0x1C,0x0)\Pci(0x0,0x0)\NVMe(0x1,6F-A2-52-44-8B-44-1B-00)\HD(2,GPT,38B62812-986A-4773-B3DF-0CD34A14A248,0x64028,0x3A321FE0)
5:058  0:000          Result of bootcode detection: bootable unknown (legacy)
5:058  0:000  - [07]: Volume: PciRoot(0x0)\Pci(0x1C,0x0)\Pci(0x0,0x0)\NVMe(0x1,6F-A2-52-44-8B-44-1B-00)\HD(2,GPT,38B62812-986A-4773-B3DF-0CD34A14A248,0x64028,0x3A321FE0)\VenMedia(BE74FCF7-0B7C-49F3-9147-01F4042E6842,632E05162A43FE44AA8FCC1B134F6790)
5:058  0:000          hiding this volume
5:058  0:000  - [08]: Volume: PciRoot(0x0)\Pci(0x1C,0x0)\Pci(0x0,0x0)\NVMe(0x1,6F-A2-52-44-8B-44-1B-00)\HD(2,GPT,38B62812-986A-4773-B3DF-0CD34A14A248,0x64028,0x3A321FE0)\VenMedia(BE74FCF7-0B7C-49F3-9147-01F4042E6842,BBF5627416912C37A656BF9967872074)
5:058  0:000  - [09]: Volume: PciRoot(0x0)\Pci(0x1C,0x0)\Pci(0x0,0x0)\NVMe(0x1,6F-A2-52-44-8B-44-1B-00)\HD(2,GPT,38B62812-986A-4773-B3DF-0CD34A14A248,0x64028,0x3A321FE0)\VenMedia(BE74FCF7-0B7C-49F3-9147-01F4042E6842,5ED26059A10BBF49B4F179A86D4F4011)
5:058  0:000          hiding this volume
5:058  0:000  - [10]: Volume: PciRoot(0x0)\Pci(0x1C,0x0)\Pci(0x0,0x0)\NVMe(0x1,6F-A2-52-44-8B-44-1B-00)\HD(2,GPT,38B62812-986A-4773-B3DF-0CD34A14A248,0x64028,0x3A321FE0)\VenMedia(BE74FCF7-0B7C-49F3-9147-01F4042E6842,ABEB25566525E84182EAA506D52A0B40)
5:058  0:000  found 2 handles with audio
5:058  0:000  No AudioIoDevice stored
5:058  0:000  no stored audio parameters
5:058  0:000  === [ InitTheme ] =========================================
5:058  0:000  use daylight theme
5:072  0:014  Using theme 'Minimalism' (EFI\CLOVER\themes\Minimalism)
5:072  0:000  OS main and drive as badge
5:073  0:000  file sound read: sound.wav Not Found
5:074  0:001  Loading font from ThemeDir: Success
5:074  0:000  theme inited
5:074  0:000  Chosen theme Minimalism
5:075  0:000  found boot-args in NVRAM:, size=1
5:075  0:000  after NVRAM boot-args=-v debug=0x100 -lilubetaall
5:075  0:000  === [ Dump SMC keys from NVRAM ] ==========================
5:075  0:000  found AppleSMC protocol
5:102  0:026  === [ ScanLoader ] ========================================
5:102  0:000  - [02]: 'EFI'
5:102  0:000          AddLoaderEntry for Volume Name=EFI
5:104  0:002          AddLoaderEntry for Volume Name=EFI
5:104  0:000          skipped because entry is hidden
5:104  0:000  - [05]: 'EFI'
5:106  0:001          AddLoaderEntry for Volume Name=EFI
5:106  0:000          skipped because entry is hidden
5:106  0:000  - [07]: 'Preboot', hidden
5:106  0:000  - [08]: 'Macintosh HD'
5:185  0:079          AddLoaderEntry for Volume Name=Macintosh HD
5:208  0:022      Check if volume Is Hibernated:
5:208  0:000      Check sleep image 'by signature':
5:233  0:025      read prefs \Library\Preferences\com.apple.PowerManagement.plist status=Success
5:233  0:000      using default sleep image name = \private\var\vm\sleepimage
5:245  0:011      sleepimage not found -> Not Found
5:245  0:000      hibernated: no - sign
5:245  0:000          [!] Icon 18 (icons\vol_internal_apfs.icns) not found (path: EFI\CLOVER\themes\Minimalism)
5:290  0:044          AddLoaderEntry for Volume Name=Macintosh HD
5:290  0:000          skipped because entry is hidden
5:290  0:000  - [09]: 'Recovery', hidden
5:290  0:000  - [10]: 'VM'
5:290  0:000  === [ AddCustomTool ] =====================================
5:291  0:000  found tool \EFI\CLOVER\tools\Shell64U.efi
5:291  0:000  Checking EFI partition Volume 2 for Clover
5:291  0:000  Checking EFI partition Volume 5 for Clover
5:291  0:000   Found Clover
5:295  0:003  === [ GetEfiBootDeviceFromNvram ] =========================
5:295  0:000  Default boot entry not found
5:295  0:000  DefaultIndex=-1 and MainMenu.EntryCount=8
5:364  0:068  GUI ready
11:968  6:604  ReinitSelfLib after theme change
11:968  0:000  reinit: self device path=PciRoot(0x0)\Pci(0x1C,0x0)\Pci(0x0,0x0)\NVMe(0x1,6F-A2-52-44-8B-44-1B-00)\HD(1,GPT,3BD9A607-A398-41BE-BF3B-20992D9BE59D,0x28,0x64000)
11:968  0:000  === [ ScanVolumes ] =======================================
11:968  0:000  Found 11 volumes with blockIO
11:968  0:000  - [00]: Volume: PciRoot(0x0)\Pci(0x14,0x0)\USB(0xE,0x0)
11:970  0:001          USB volume
11:970  0:000  - [01]: Volume: PciRoot(0x0)\Pci(0x14,0x0)\USB(0xE,0x0)\HD(1,GPT,CA4E6739-6927-4AEB-90B6-83139E037251,0x22,0x7FDE)
11:970  0:000          USB volume
11:970  0:000  - [02]: Volume: PciRoot(0x0)\Pci(0x14,0x0)\USB(0xE,0x0)\HD(2,GPT,05F820FF-E4CD-42AE-8912-C91672650AE6,0x8000,0xAF000)
11:970  0:000          Result of bootcode detection: bootable Windows (vista,win)
11:970  0:000          USB volume
11:970  0:000  - [03]: Volume: PciRoot(0x0)\Pci(0x14,0x0)\USB(0xE,0x0)\HD(3,GPT,DB51D396-F72B-489B-9384-6618D97ACF93,0xB7000,0x1DC3C000)
11:971  0:000          Result of bootcode detection: bootable Windows (vista,win)
11:971  0:000          USB volume
11:971  0:000  - [04]: Volume: PciRoot(0x0)\Pci(0x1C,0x0)\Pci(0x0,0x0)\NVMe(0x1,6F-A2-52-44-8B-44-1B-00)
11:971  0:000  - [05]: Volume: PciRoot(0x0)\Pci(0x1C,0x0)\Pci(0x0,0x0)\NVMe(0x1,6F-A2-52-44-8B-44-1B-00)\HD(1,GPT,3BD9A607-A398-41BE-BF3B-20992D9BE59D,0x28,0x64000)
11:971  0:000          Result of bootcode detection: bootable Windows (win)
11:971  0:000          This is SelfVolume !!
11:971  0:000  - [06]: Volume: PciRoot(0x0)\Pci(0x1C,0x0)\Pci(0x0,0x0)\NVMe(0x1,6F-A2-52-44-8B-44-1B-00)\HD(2,GPT,38B62812-986A-4773-B3DF-0CD34A14A248,0x64028,0x3A321FE0)
11:971  0:000          Result of bootcode detection: bootable unknown (legacy)
11:971  0:000  - [07]: Volume: PciRoot(0x0)\Pci(0x1C,0x0)\Pci(0x0,0x0)\NVMe(0x1,6F-A2-52-44-8B-44-1B-00)\HD(2,GPT,38B62812-986A-4773-B3DF-0CD34A14A248,0x64028,0x3A321FE0)\VenMedia(BE74FCF7-0B7C-49F3-9147-01F4042E6842,632E05162A43FE44AA8FCC1B134F6790)
11:971  0:000  - [08]: Volume: PciRoot(0x0)\Pci(0x1C,0x0)\Pci(0x0,0x0)\NVMe(0x1,6F-A2-52-44-8B-44-1B-00)\HD(2,GPT,38B62812-986A-4773-B3DF-0CD34A14A248,0x64028,0x3A321FE0)\VenMedia(BE74FCF7-0B7C-49F3-9147-01F4042E6842,BBF5627416912C37A656BF9967872074)
11:971  0:000  - [09]: Volume: PciRoot(0x0)\Pci(0x1C,0x0)\Pci(0x0,0x0)\NVMe(0x1,6F-A2-52-44-8B-44-1B-00)\HD(2,GPT,38B62812-986A-4773-B3DF-0CD34A14A248,0x64028,0x3A321FE0)\VenMedia(BE74FCF7-0B7C-49F3-9147-01F4042E6842,5ED26059A10BBF49B4F179A86D4F4011)
11:971  0:000  - [10]: Volume: PciRoot(0x0)\Pci(0x1C,0x0)\Pci(0x0,0x0)\NVMe(0x1,6F-A2-52-44-8B-44-1B-00)\HD(2,GPT,38B62812-986A-4773-B3DF-0CD34A14A248,0x64028,0x3A321FE0)\VenMedia(BE74FCF7-0B7C-49F3-9147-01F4042E6842,ABEB25566525E84182EAA506D52A0B40)
11:972  0:000  found 2 handles with audio
11:972  0:000  No AudioIoDevice stored
11:972  0:000  no stored audio parameters
11:972  0:000  theme inited
11:972  0:000  Chosen theme Minimalism
11:972  0:000  found boot-args in NVRAM:, size=1
11:972  0:000  after NVRAM boot-args=-v debug=0x100 -lilubetaall
11:972  0:000  === [ ScanLoader ] ========================================
11:972  0:000  - [02]: 'EFI'
11:972  0:000          AddLoaderEntry for Volume Name=EFI
11:973  0:000          AddLoaderEntry for Volume Name=EFI
11:973  0:000  - [05]: 'EFI'
11:975  0:001          AddLoaderEntry for Volume Name=EFI
11:975  0:000  - [07]: 'Preboot'
11:984  0:008          AddLoaderEntry for Volume Name=Preboot
11:993  0:009      Check if volume Is Hibernated:
11:993  0:000      Check sleep image 'by signature':
11:994  0:000      using default sleep image name = \private\var\vm\sleepimage
11:995  0:000      sleepimage not found -> Not Found
11:995  0:000      hibernated: no - sign
11:999  0:004          AddLoaderEntry for Volume Name=Preboot
12:016  0:017  - [08]: 'Macintosh HD'
12:084  0:067          AddLoaderEntry for Volume Name=Macintosh HD
12:100  0:016      Check if volume Is Hibernated:
12:100  0:000      Check sleep image 'by signature':
12:118  0:017      read prefs \Library\Preferences\com.apple.PowerManagement.plist status=Success
12:118  0:000      using default sleep image name = \private\var\vm\sleepimage
12:125  0:006      sleepimage not found -> Not Found
12:125  0:000      hibernated: no - sign
12:163  0:037          AddLoaderEntry for Volume Name=Macintosh HD
12:163  0:000  - [09]: 'Recovery'
12:170  0:006          AddLoaderEntry for Volume Name=Recovery
12:182  0:012  - [10]: 'VM'
12:182  0:000  === [ AddCustomTool ] =====================================
12:182  0:000  found tool \EFI\CLOVER\tools\Shell64U.efi
12:182  0:000  Checking EFI partition Volume 2 for Clover
12:182  0:000  Checking EFI partition Volume 5 for Clover
12:183  0:000   Found Clover
12:183  0:000  === [ GetEfiBootDeviceFromNvram ] =========================
12:183  0:000  Default boot entry not found
12:183  0:000  DefaultIndex=-1 and MainMenu.EntryCount=14
16:792  4:608  ReinitSelfLib after theme change
16:792  0:000  reinit: self device path=PciRoot(0x0)\Pci(0x1C,0x0)\Pci(0x0,0x0)\NVMe(0x1,6F-A2-52-44-8B-44-1B-00)\HD(1,GPT,3BD9A607-A398-41BE-BF3B-20992D9BE59D,0x28,0x64000)
16:792  0:000  === [ ScanVolumes ] =======================================
16:792  0:000  Found 11 volumes with blockIO
16:792  0:000  - [00]: Volume: PciRoot(0x0)\Pci(0x14,0x0)\USB(0xE,0x0)
16:792  0:000          USB volume
16:792  0:000  - [01]: Volume: PciRoot(0x0)\Pci(0x14,0x0)\USB(0xE,0x0)\HD(1,GPT,CA4E6739-6927-4AEB-90B6-83139E037251,0x22,0x7FDE)
16:792  0:000          USB volume
16:792  0:000  - [02]: Volume: PciRoot(0x0)\Pci(0x14,0x0)\USB(0xE,0x0)\HD(2,GPT,05F820FF-E4CD-42AE-8912-C91672650AE6,0x8000,0xAF000)
16:793  0:000          Result of bootcode detection: bootable Windows (vista,win)
16:793  0:000          USB volume
16:793  0:000  - [03]: Volume: PciRoot(0x0)\Pci(0x14,0x0)\USB(0xE,0x0)\HD(3,GPT,DB51D396-F72B-489B-9384-6618D97ACF93,0xB7000,0x1DC3C000)
16:793  0:000          Result of bootcode detection: bootable Windows (vista,win)
16:793  0:000          USB volume
16:793  0:000  - [04]: Volume: PciRoot(0x0)\Pci(0x1C,0x0)\Pci(0x0,0x0)\NVMe(0x1,6F-A2-52-44-8B-44-1B-00)
16:793  0:000  - [05]: Volume: PciRoot(0x0)\Pci(0x1C,0x0)\Pci(0x0,0x0)\NVMe(0x1,6F-A2-52-44-8B-44-1B-00)\HD(1,GPT,3BD9A607-A398-41BE-BF3B-20992D9BE59D,0x28,0x64000)
16:793  0:000          Result of bootcode detection: bootable Windows (win)
16:793  0:000          This is SelfVolume !!
16:793  0:000  - [06]: Volume: PciRoot(0x0)\Pci(0x1C,0x0)\Pci(0x0,0x0)\NVMe(0x1,6F-A2-52-44-8B-44-1B-00)\HD(2,GPT,38B62812-986A-4773-B3DF-0CD34A14A248,0x64028,0x3A321FE0)
16:793  0:000          Result of bootcode detection: bootable unknown (legacy)
16:793  0:000  - [07]: Volume: PciRoot(0x0)\Pci(0x1C,0x0)\Pci(0x0,0x0)\NVMe(0x1,6F-A2-52-44-8B-44-1B-00)\HD(2,GPT,38B62812-986A-4773-B3DF-0CD34A14A248,0x64028,0x3A321FE0)\VenMedia(BE74FCF7-0B7C-49F3-9147-01F4042E6842,632E05162A43FE44AA8FCC1B134F6790)
16:793  0:000  - [08]: Volume: PciRoot(0x0)\Pci(0x1C,0x0)\Pci(0x0,0x0)\NVMe(0x1,6F-A2-52-44-8B-44-1B-00)\HD(2,GPT,38B62812-986A-4773-B3DF-0CD34A14A248,0x64028,0x3A321FE0)\VenMedia(BE74FCF7-0B7C-49F3-9147-01F4042E6842,BBF5627416912C37A656BF9967872074)
16:793  0:000  - [09]: Volume: PciRoot(0x0)\Pci(0x1C,0x0)\Pci(0x0,0x0)\NVMe(0x1,6F-A2-52-44-8B-44-1B-00)\HD(2,GPT,38B62812-986A-4773-B3DF-0CD34A14A248,0x64028,0x3A321FE0)\VenMedia(BE74FCF7-0B7C-49F3-9147-01F4042E6842,5ED26059A10BBF49B4F179A86D4F4011)
16:793  0:000  - [10]: Volume: PciRoot(0x0)\Pci(0x1C,0x0)\Pci(0x0,0x0)\NVMe(0x1,6F-A2-52-44-8B-44-1B-00)\HD(2,GPT,38B62812-986A-4773-B3DF-0CD34A14A248,0x64028,0x3A321FE0)\VenMedia(BE74FCF7-0B7C-49F3-9147-01F4042E6842,ABEB25566525E84182EAA506D52A0B40)
16:794  0:000  found 2 handles with audio
16:794  0:000  No AudioIoDevice stored
16:794  0:000  no stored audio parameters
16:794  0:000  theme inited
16:794  0:000  Chosen theme Minimalism
16:794  0:000  found boot-args in NVRAM:, size=1
16:794  0:000  after NVRAM boot-args=-v debug=0x100 -lilubetaall
16:794  0:000  === [ ScanLoader ] ========================================
16:794  0:000  - [02]: 'EFI'
16:794  0:000          AddLoaderEntry for Volume Name=EFI
16:795  0:000          AddLoaderEntry for Volume Name=EFI
16:795  0:000  - [05]: 'EFI'
16:797  0:001          AddLoaderEntry for Volume Name=EFI
16:797  0:000  - [07]: 'Preboot'
16:805  0:008          AddLoaderEntry for Volume Name=Preboot
16:815  0:009      Check if volume Is Hibernated:
16:815  0:000      Check sleep image 'by signature':
16:815  0:000      using default sleep image name = \private\var\vm\sleepimage
16:816  0:000      sleepimage not found -> Not Found
16:816  0:000      hibernated: no - sign
16:820  0:004          AddLoaderEntry for Volume Name=Preboot
16:839  0:018  - [08]: 'Macintosh HD'
16:906  0:067          AddLoaderEntry for Volume Name=Macintosh HD
16:923  0:016      Check if volume Is Hibernated:
16:923  0:000      Check sleep image 'by signature':
16:941  0:017      read prefs \Library\Preferences\com.apple.PowerManagement.plist status=Success
16:941  0:000      using default sleep image name = \private\var\vm\sleepimage
16:947  0:006      sleepimage not found -> Not Found
16:947  0:000      hibernated: no - sign
16:985  0:037          AddLoaderEntry for Volume Name=Macintosh HD
16:986  0:000  - [09]: 'Recovery'
16:992  0:006          AddLoaderEntry for Volume Name=Recovery
17:004  0:011  - [10]: 'VM'
17:004  0:000  === [ AddCustomTool ] =====================================
17:004  0:000  found tool \EFI\CLOVER\tools\Shell64U.efi
17:004  0:000  Checking EFI partition Volume 2 for Clover
17:004  0:000  Checking EFI partition Volume 5 for Clover
17:004  0:000   Found Clover
17:004  0:000  === [ GetEfiBootDeviceFromNvram ] =========================
17:005  0:000  Default boot entry not found
17:005  0:000  DefaultIndex=-1 and MainMenu.EntryCount=14
25:273  8:267  BootVariable of the entry is empty
25:273  0:000  === [ StartLoader ] =======================================
25:273  0:000  Finally: ExternalClock=26MHz BusSpeed=100062kHz CPUFreq=1801MHz PIS: hw.busfrequency=104000000Hz
25:273  0:000  Loading boot.efi  status=Success
25:452  0:179  GetOSVersion: 10.14.4 (18E226)
25:452  0:000  CSR_CFG: CSR_ALLOW_UNTRUSTED_KEXTS | CSR_ALLOW_UNRESTRICTED_FS | CSR_ALLOW_TASK_FOR_PID | CSR_ALLOW_UNRESTRICTED_DTRACE | CSR_ALLOW_UNRESTRICTED_NVRAM
25:452  0:000  Filtering KextPatches:
25:452  0:000   - [00]: AppleIntelBDWGraphicsFramebuffer (DVMT for AppleIntelBDWGraphicsFramebuffer (Credits DalianSky) for 10.14.x) :: BinPatch :: [OS: 10.14.4 | MatchOS: 10.14.x | MatchBuild: All] ==> allowed
25:452  0:000   - [01]: AppleIntelSKLGraphicsFramebuffer (DVMT for AppleIntelSKLGraphicsFramebuffer (Credits DalianSky) for 10.14.x) :: BinPatch :: [OS: 10.14.4 | MatchOS: 10.14.x | MatchBuild: All] ==> allowed
25:452  0:000   - [02]: AppleIntelKBLGraphicsFramebuffer﻿﻿﻿ (DVMT for AppleIntelKBLGraphicsFramebuffer (Credits DalianSky) for 10.14.x) :: BinPatch :: [OS: 10.14.4 | MatchOS: 10.14.x | MatchBuild: All] ==> allowed
25:452  0:000   - [03]: AppleIntelCFLGraphicsFramebuffer (DVMT for AppleIntelCFLGraphicsFramebuffer (Credits DalianSky) for 10.14.x) :: BinPatch :: [OS: 10.14.4 | MatchOS: 10.14.x | MatchBuild: All] ==> allowed
25:452  0:000   - [04]: AppleIntelCFLGraphicsFramebuffer (DVMT for AppleIntelCFLGraphicsFramebuffer (Credits DalianSky) for 10.14.x) :: BinPatch :: [OS: 10.14.4 | MatchOS: 10.14.x | MatchBuild: All] ==> allowed
25:452  0:000   - [05]: com.apple.iokit.IOUSBHostFamily (USB port limit patch 10.14.x modify by DalianSky(credit ydeng)) :: BinPatch :: [OS: 10.14.4 | MatchOS: 10.14.x | MatchBuild: All] ==> allowed
25:452  0:000   - [06]: com.apple.iokit.IOUSBHostFamily (USB port limit patch 10.14.x modify by DalianSky(credit PMHeart)) :: BinPatch :: [OS: 10.14.4 | MatchOS: 10.14.x | MatchBuild: All] ==> allowed
25:452  0:000   - [07]: com.apple.driver.usb.AppleUSBXHCI (USB Port limit patch 10.14.x modify by DalianSky(credits PMheart)) :: BinPatch :: [OS: 10.14.4 | MatchOS: 10.14.x | MatchBuild: All] ==> allowed
25:452  0:000   - [08]: com.apple.driver.usb.AppleUSBXHCI (USB Port limit patch 10.14.x modify by DalianSky(credits PMheart)) :: BinPatch :: [OS: 10.14.4 | MatchOS: 10.14.x | MatchBuild: All] ==> allowed
25:452  0:000   - [09]: IOBufferCopyController (disable IOBufferCopyController (Credit by DalianSky)) :: PlistPatch :: [OS: 10.14.4 | MatchOS: All | MatchBuild: All] ==> allowed
25:452  0:000   - [10]: AppleIntelLpssI2C (Disable AppleIntelLpssI2C (credit by Coolstar)) :: PlistPatch :: [OS: 10.14.4 | MatchOS: All | MatchBuild: All] ==> allowed
25:452  0:000   - [11]: AppleIntelLpssI2CController (Disable AppleIntelLpssI2CCOntroller (credit by Coolstar)) :: PlistPatch :: [OS: 10.14.4 | MatchOS: All | MatchBuild: All] ==> allowed
25:452  0:000   - [12]: com.apple.driver.AppleBacklight (AppleBacklightInjector.kext (credit RehabMan)) :: BinPatch :: [OS: 10.14.4 | MatchOS: All | MatchBuild: All] ==> disabled by user
25:452  0:000   - [13]: com.apple.iokit.IOAHCIBlockStorage (Enable TRIM for SSD) :: BinPatch :: [OS: 10.14.4 | MatchOS: All | MatchBuild: All] ==> allowed
25:452  0:000   - [14]: com.apple.driver.usb.AppleUSBXHCI (10.13.x USB Port Limit Patch) :: BinPatch :: [OS: 10.14.4 | MatchOS: 10.13.x | MatchBuild: All] ==> not allowed
25:452  0:000   - [15]: com.apple.driver.usb.AppleUSBXHCI (USB Port limit patch 10.14 (credits FredWst)) :: BinPatch :: [OS: 10.14.4 | MatchOS: 10.14 | MatchBuild: All] ==> not allowed
25:452  0:000   - [16]: com.apple.driver.usb.AppleUSBXHCI (USB Port limit patch 10.14.1 18B50C (credits DalianSky)) :: BinPatch :: [OS: 10.14.4 | MatchOS: 10.14.1 | MatchBuild: All] ==> not allowed
25:452  0:000  Filtering KernelPatches:
25:452  0:000   - [00]: Disable panic kext logging on 10.13 Debug kernel :: [OS: 10.14.4 | MatchOS: 10.13.x | MatchBuild: no] ==> not allowed by OS
25:452  0:000   - [01]: Disable panic kext logging on 10.13 Release kernel :: [OS: 10.14.4 | MatchOS: 10.13.x | MatchBuild: no] ==> not allowed by OS
25:452  0:000   - [02]: Disable panic kext logging on 10.14 Release kernel (c) vit9696 :: [OS: 10.14.4 | MatchOS: 10.14.x | MatchBuild: no] ==> allowed by OS
25:452  0:000   - [03]: MSR 0xE2 _xcpm_idle instant reboot(c) Pike R. Alpha :: [OS: 10.14.4 | MatchOS: All | MatchBuild: no] ==> allowed by OS
25:452  0:000  Will not patch boot.efi
25:452  0:000  === [ PatchSmbios ] =======================================
25:452  0:000  insert table 9 for dev 0:0
25:453  0:000  Trusting SMBIOS...
25:453  0:000  Detected alternating SMBIOS channel banks
25:453  0:000  Channels: 1
25:453  0:000  Interleave: 0 1 2 3 4 5 6 7 8 9 10 11 12 13 14 15 16 17 18 19 20 21 22 23
25:453  0:000   partNum=16ATF2G64HZ-2G3DZ   
25:453  0:000  SMBIOS Type 17 Index = 0 => 0 0:
25:453  0:000  BANK 0 DIMM0 2400MHz 16384MB
25:453  0:000   partNum=MEM-DOWN            
25:453  0:000  SMBIOS Type 17 Index = 1 => 1 1:
25:453  0:000  BANK 0 DIMM1 2400MHz 8192MB
25:453  0:000  mTotalSystemMemory = 24576
25:453  0:000  NumberOfMemoryDevices = 2
25:453  0:000  Table 131 is present, CPUType=31
25:453  0:000  Change to: 605
25:453  0:000  === [ PatchACPI ] =========================================
25:453  0:000  Xsdt reallocation done
25:453  0:000  old FADT length=10C
25:453  0:000   SignatureFixup: 0x8395C409 -> 0x0
25:453  0:000  Found OperationRegion(GNVS, SystemMemory, AFE2C000, ...)
25:453  0:000  Found OperationRegion(XNVS, SystemMemory, AFE19000, ...)
25:453  0:000  Found OperationRegion(PNVA, SystemMemory, AFF46018, ...)
25:453  0:000  Found OperationRegion(THBA, SystemMemory, FE200000, ...)
25:455  0:001  Found OperationRegion(ITSS, SystemMemory, FDC43100, ...)
25:455  0:000  DSDT found in Clover volume OEM folder: EFI\CLOVER\ACPI\patched\DSDT.aml
25:456  0:000  Apply DsdtFixMask=0x10000000
25:456  0:000     drop _DSM mask=0x0000
25:456  0:000  === [ FixBiosDsdt ] =======================================
25:457  0:000  Patching DSDT:
25:457  0:000   - [change _DSM to XSDM]: disabled
25:457  0:000   - [change OSID to IDOS]: disabled
25:457  0:000   - [change _OSI to XOSI]: disabled
25:457  0:000   - [change HDAS to HDEF]: pattern 48444153, patched at: [ (29A) (12) (12) (474D) (1658) (74) (D) (2B) (32) (4F) (6F) (C3) (1A8DB) (15B0) ]
25:457  0:000   - [change HECI to IMEI]: pattern 48454349, patched at: [ (101B2) (109C4) (1C6D) ]
25:457  0:000   - [change GFX0 to IGPU]: pattern 47465830, patched at: [ (196) (E) (12) (12) (12) (12) (12) (12) (12) (12) (12) (12) (36AB) (D4C5) (D) (10) (C) (F) (F5) (D) (10) (C56) (B3) (13F) (1D) (1FB0) (27) (1C1C) (1A1E) (14) (953C) (1754) ]
25:457  0:000   - [change SAT0 to SATA]: pattern 53415430, patched at: [ (9D2) (2FE) (E) (E) (ABDC) (30) (150AF) (3F) (16C1) (4EF) (20) (20) (20) (20) (20) (20) (20) (20) (20) (112) (29) (2E) (2E) (2E) (2E) ]
25:458  0:000   - [change PCI0.VID to IGPU #1 (Thinkpad)]: pattern 50434930, bin not found / already patched!
25:458  0:000   - [change PCI0.VID to IGPU #2 (Thinkpad)]: pattern 5649445F, bin not found / already patched!
25:458  0:000   - [Rename EHC1 to EH01 (USB)]: pattern 45484331, bin not found / already patched!
25:458  0:000   - [Rename EHC2 to EH02 (USB)]: pattern 45484332, bin not found / already patched!
25:458  0:000   - [Rename XHCI to XHC (USB)]: pattern 58484349, patched at: [ (5FC1) ]
25:459  0:000   - [Rename XHC1 to XHC (USB)]: pattern 58484331, bin not found / already patched!
25:459  0:000    0 replacements
25:460  0:000    indirect name=PNVB
25:460  0:000  OperationRegion (THBA...) corrected from 0x0 to addr=0xFE200000
25:460  0:000  PreCleanup XSDT: count=30, length=276
25:460  0:000  PreCleanup XSDT, corrected XSDT: count=30, length=276
25:460  0:000  === [ ACPIPatchedAML ] ====================================
25:460  0:000  AutoMerge pass 1
25:460  0:000  Unsorted
25:460  0:000  Inserting ssdt-rmne.aml from EFI\CLOVER\ACPI\patched: ignore on pass 1
25:460  0:000  Inserting SSDT-PNLF.aml from EFI\CLOVER\ACPI\patched: ignore on pass 1
25:460  0:000  Inserting SSDT-USBX.aml from EFI\CLOVER\ACPI\patched: ignore on pass 1
25:460  0:000  Inserting SSDT-0-XnSsdt.aml from EFI\CLOVER\ACPI\patched: size=17504 @1 ... Success
25:460  0:000  Inserting SSDT-DiscreteSpoof.aml from EFI\CLOVER\ACPI\patched: ignore on pass 1
25:460  0:000  Inserting SSDT-XOSI.aml from EFI\CLOVER\ACPI\patched: ignore on pass 1
25:460  0:000  Inserting SSDT-UIAC.aml from EFI\CLOVER\ACPI\patched: ignore on pass 1
25:460  0:000  === [ ACPIDropTables ] ====================================
25:460  0:000  Drop tables from XSDT, SIGN=DMAR TableID=LGPC     Length=240
25:460  0:000   Table[26]: DMAR  LGPC      240 dropped
25:460  0:000  0. [change _DSM to XSDM]: disabled
25:460  0:000  1. [change OSID to IDOS]: disabled
25:460  0:000  2. [change _OSI to XOSI]: disabled
25:460  0:000  3. [change HDAS to HDEF]: pattern 48444153, bin not found / already patched!
25:460  0:000  4. [change HECI to IMEI]: pattern 48454349, bin not found / already patched!
25:460  0:000  5. [change GFX0 to IGPU]: pattern 47465830, patched at: [ (16F) (E) (12) (12) (12) (12) (12) (12) (E1A) (2EA) (C4F) (1E) (8C6) (1BB7) ]
25:460  0:000  6. [change SAT0 to SATA]: pattern 53415430, bin not found / already patched!
25:460  0:000  7. [change PCI0.VID to IGPU #1 (Thinkpad)]: pattern 50434930, bin not found / already patched!
25:460  0:000  8. [change PCI0.VID to IGPU #2 (Thinkpad)]: pattern 5649445F, bin not found / already patched!
25:461  0:000  9. [Rename EHC1 to EH01 (USB)]: pattern 45484331, bin not found / already patched!
25:461  0:000  10. [Rename EHC2 to EH02 (USB)]: pattern 45484332, bin not found / already patched!
25:461  0:000  11. [Rename XHCI to XHC (USB)]: pattern 58484349, bin not found / already patched!
25:461  0:000  12. [Rename XHC1 to XHC (USB)]: pattern 58484331, bin not found / already patched!
25:461  0:000    0 replacements
25:461  0:000  0. [change _DSM to XSDM]: disabled
25:461  0:000  1. [change OSID to IDOS]: disabled
25:461  0:000  2. [change _OSI to XOSI]: disabled
25:461  0:000  3. [change HDAS to HDEF]: pattern 48444153, bin not found / already patched!
25:461  0:000  4. [change HECI to IMEI]: pattern 48454349, bin not found / already patched!
25:461  0:000  5. [change GFX0 to IGPU]: pattern 47465830, bin not found / already patched!
25:461  0:000  6. [change SAT0 to SATA]: pattern 53415430, bin not found / already patched!
25:461  0:000  7. [change PCI0.VID to IGPU #1 (Thinkpad)]: pattern 50434930, bin not found / already patched!
25:461  0:000  8. [change PCI0.VID to IGPU #2 (Thinkpad)]: pattern 5649445F, bin not found / already patched!
25:461  0:000  9. [Rename EHC1 to EH01 (USB)]: pattern 45484331, bin not found / already patched!
25:461  0:000  10. [Rename EHC2 to EH02 (USB)]: pattern 45484332, bin not found / already patched!
25:461  0:000  11. [Rename XHCI to XHC (USB)]: pattern 58484349, bin not found / already patched!
25:461  0:000  12. [Rename XHC1 to XHC (USB)]: pattern 58484331, bin not found / already patched!
25:461  0:000    0 replacements
25:461  0:000  0. [change _DSM to XSDM]: disabled
25:461  0:000  1. [change OSID to IDOS]: disabled
25:461  0:000  2. [change _OSI to XOSI]: disabled
25:461  0:000  3. [change HDAS to HDEF]: pattern 48444153, bin not found / already patched!
25:461  0:000  4. [change HECI to IMEI]: pattern 48454349, bin not found / already patched!
25:461  0:000  5. [change GFX0 to IGPU]: pattern 47465830, patched at: [ (E70) (1AC6) (535) ]
25:461  0:000  6. [change SAT0 to SATA]: pattern 53415430, bin not found / already patched!
25:461  0:000  7. [change PCI0.VID to IGPU #1 (Thinkpad)]: pattern 50434930, bin not found / already patched!
25:461  0:000  8. [change PCI0.VID to IGPU #2 (Thinkpad)]: pattern 5649445F, bin not found / already patched!
25:461  0:000  9. [Rename EHC1 to EH01 (USB)]: pattern 45484331, bin not found / already patched!
25:461  0:000  10. [Rename EHC2 to EH02 (USB)]: pattern 45484332, bin not found / already patched!
25:461  0:000  11. [Rename XHCI to XHC (USB)]: pattern 58484349, bin not found / already patched!
25:461  0:000  12. [Rename XHC1 to XHC (USB)]: pattern 58484331, bin not found / already patched!
25:461  0:000    0 replacements
25:461  0:000  0. [change _DSM to XSDM]: disabled
25:461  0:000  1. [change OSID to IDOS]: disabled
25:461  0:000  2. [change _OSI to XOSI]: disabled
25:461  0:000  3. [change HDAS to HDEF]: pattern 48444153, bin not found / already patched!
25:461  0:000  4. [change HECI to IMEI]: pattern 48454349, bin not found / already patched!
25:461  0:000  5. [change GFX0 to IGPU]: pattern 47465830, patched at: [ (10DE) (16) (16) (16) (318D) (15) (25) (14) (1F) (15) (22) (15) ]
25:461  0:000  6. [change SAT0 to SATA]: pattern 53415430, bin not found / already patched!
25:461  0:000  7. [change PCI0.VID to IGPU #1 (Thinkpad)]: pattern 50434930, bin not found / already patched!
25:461  0:000  8. [change PCI0.VID to IGPU #2 (Thinkpad)]: pattern 5649445F, bin not found / already patched!
25:461  0:000  9. [Rename EHC1 to EH01 (USB)]: pattern 45484331, bin not found / already patched!
25:461  0:000  10. [Rename EHC2 to EH02 (USB)]: pattern 45484332, bin not found / already patched!
25:461  0:000  11. [Rename XHCI to XHC (USB)]: pattern 58484349, bin not found / already patched!
25:461  0:000  12. [Rename XHC1 to XHC (USB)]: pattern 58484331, bin not found / already patched!
25:461  0:000    0 replacements
25:462  0:000  0. [change _DSM to XSDM]: disabled
25:462  0:000  1. [change OSID to IDOS]: disabled
25:462  0:000  2. [change _OSI to XOSI]: disabled
25:462  0:000  3. [change HDAS to HDEF]: pattern 48444153, bin not found / already patched!
25:462  0:000  4. [change HECI to IMEI]: pattern 48454349, bin not found / already patched!
25:462  0:000  5. [change GFX0 to IGPU]: pattern 47465830, bin not found / already patched!
25:462  0:000  6. [change SAT0 to SATA]: pattern 53415430, bin not found / already patched!
25:462  0:000  7. [change PCI0.VID to IGPU #1 (Thinkpad)]: pattern 50434930, bin not found / already patched!
25:462  0:000  8. [change PCI0.VID to IGPU #2 (Thinkpad)]: pattern 5649445F, bin not found / already patched!
25:462  0:000  9. [Rename EHC1 to EH01 (USB)]: pattern 45484331, bin not found / already patched!
25:462  0:000  10. [Rename EHC2 to EH02 (USB)]: pattern 45484332, bin not found / already patched!
25:462  0:000  11. [Rename XHCI to XHC (USB)]: pattern 58484349, bin not found / already patched!
25:462  0:000  12. [Rename XHC1 to XHC (USB)]: pattern 58484331, bin not found / already patched!
25:462  0:000    0 replacements
25:462  0:000  Found OperationRegion(FHCI, SystemMemory, FED40000, ...)
25:462  0:000  Found OperationRegion(TNVS, SystemMemory, AFE32000, ...)
25:462  0:000  0. [change _DSM to XSDM]: disabled
25:462  0:000  1. [change OSID to IDOS]: disabled
25:462  0:000  2. [change _OSI to XOSI]: disabled
25:462  0:000  3. [change HDAS to HDEF]: pattern 48444153, bin not found / already patched!
25:462  0:000  4. [change HECI to IMEI]: pattern 48454349, bin not found / already patched!
25:462  0:000  5. [change GFX0 to IGPU]: pattern 47465830, bin not found / already patched!
25:462  0:000  6. [change SAT0 to SATA]: pattern 53415430, bin not found / already patched!
25:462  0:000  7. [change PCI0.VID to IGPU #1 (Thinkpad)]: pattern 50434930, bin not found / already patched!
25:462  0:000  8. [change PCI0.VID to IGPU #2 (Thinkpad)]: pattern 5649445F, bin not found / already patched!
25:462  0:000  9. [Rename EHC1 to EH01 (USB)]: pattern 45484331, bin not found / already patched!
25:462  0:000  10. [Rename EHC2 to EH02 (USB)]: pattern 45484332, bin not found / already patched!
25:462  0:000  11. [Rename XHCI to XHC (USB)]: pattern 58484349, bin not found / already patched!
25:462  0:000  12. [Rename XHC1 to XHC (USB)]: pattern 58484331, bin not found / already patched!
25:462  0:000    0 replacements
25:462  0:000  Found OperationRegion(MENV, SystemMemory, AFF46E98, ...)
25:462  0:000  0. [change _DSM to XSDM]: disabled
25:462  0:000  1. [change OSID to IDOS]: disabled
25:462  0:000  2. [change _OSI to XOSI]: disabled
25:462  0:000  3. [change HDAS to HDEF]: pattern 48444153, bin not found / already patched!
25:462  0:000  4. [change HECI to IMEI]: pattern 48454349, bin not found / already patched!
25:462  0:000  5. [change GFX0 to IGPU]: pattern 47465830, patched at: [ (2D) (E) (46) (269) (1C8A) (A3A) (1D) (6EC) ]
25:462  0:000  6. [change SAT0 to SATA]: pattern 53415430, bin not found / already patched!
25:462  0:000  7. [change PCI0.VID to IGPU #1 (Thinkpad)]: pattern 50434930, bin not found / already patched!
25:462  0:000  8. [change PCI0.VID to IGPU #2 (Thinkpad)]: pattern 5649445F, bin not found / already patched!
25:462  0:000  9. [Rename EHC1 to EH01 (USB)]: pattern 45484331, bin not found / already patched!
25:462  0:000  10. [Rename EHC2 to EH02 (USB)]: pattern 45484332, bin not found / already patched!
25:462  0:000  11. [Rename XHCI to XHC (USB)]: pattern 58484349, bin not found / already patched!
25:462  0:000  12. [Rename XHC1 to XHC (USB)]: pattern 58484331, bin not found / already patched!
25:462  0:000    0 replacements
25:462  0:000  Found OperationRegion(SANV, SystemMemory, AFF46418, ...)
25:462  0:000  0. [change _DSM to XSDM]: disabled
25:462  0:000  1. [change OSID to IDOS]: disabled
25:462  0:000  2. [change _OSI to XOSI]: disabled
25:462  0:000  3. [change HDAS to HDEF]: pattern 48444153, bin not found / already patched!
25:462  0:000  4. [change HECI to IMEI]: pattern 48454349, bin not found / already patched!
25:462  0:000  5. [change GFX0 to IGPU]: pattern 47465830, bin not found / already patched!
25:462  0:000  6. [change SAT0 to SATA]: pattern 53415430, bin not found / already patched!
25:462  0:000  7. [change PCI0.VID to IGPU #1 (Thinkpad)]: pattern 50434930, bin not found / already patched!
25:462  0:000  8. [change PCI0.VID to IGPU #2 (Thinkpad)]: pattern 5649445F, bin not found / already patched!
25:462  0:000  9. [Rename EHC1 to EH01 (USB)]: pattern 45484331, bin not found / already patched!
25:462  0:000  10. [Rename EHC2 to EH02 (USB)]: pattern 45484332, bin not found / already patched!
25:462  0:000  11. [Rename XHCI to XHC (USB)]: pattern 58484349, bin not found / already patched!
25:462  0:000  12. [Rename XHC1 to XHC (USB)]: pattern 58484331, bin not found / already patched!
25:462  0:000    0 replacements
25:462  0:000  0. [change _DSM to XSDM]: disabled
25:462  0:000  1. [change OSID to IDOS]: disabled
25:462  0:000  2. [change _OSI to XOSI]: disabled
25:462  0:000  3. [change HDAS to HDEF]: pattern 48444153, bin not found / already patched!
25:462  0:000  4. [change HECI to IMEI]: pattern 48454349, bin not found / already patched!
25:462  0:000  5. [change GFX0 to IGPU]: pattern 47465830, bin not found / already patched!
25:462  0:000  6. [change SAT0 to SATA]: pattern 53415430, bin not found / already patched!
25:462  0:000  7. [change PCI0.VID to IGPU #1 (Thinkpad)]: pattern 50434930, bin not found / already patched!
25:462  0:000  8. [change PCI0.VID to IGPU #2 (Thinkpad)]: pattern 5649445F, bin not found / already patched!
25:462  0:000  9. [Rename EHC1 to EH01 (USB)]: pattern 45484331, bin not found / already patched!
25:462  0:000  10. [Rename EHC2 to EH02 (USB)]: pattern 45484332, bin not found / already patched!
25:462  0:000  11. [Rename XHCI to XHC (USB)]: pattern 58484349, bin not found / already patched!
25:462  0:000  12. [Rename XHC1 to XHC (USB)]: pattern 58484331, bin not found / already patched!
25:462  0:000    0 replacements
25:462  0:000  Found OperationRegion(PNVS, SystemMemory, A3262000, ...)
25:462  0:000  0. [change _DSM to XSDM]: disabled
25:462  0:000  1. [change OSID to IDOS]: disabled
25:462  0:000  2. [change _OSI to XOSI]: disabled
25:462  0:000  3. [change HDAS to HDEF]: pattern 48444153, bin not found / already patched!
25:462  0:000  4. [change HECI to IMEI]: pattern 48454349, bin not found / already patched!
25:462  0:000  5. [change GFX0 to IGPU]: pattern 47465830, bin not found / already patched!
25:462  0:000  6. [change SAT0 to SATA]: pattern 53415430, bin not found / already patched!
25:462  0:000  7. [change PCI0.VID to IGPU #1 (Thinkpad)]: pattern 50434930, bin not found / already patched!
25:462  0:000  8. [change PCI0.VID to IGPU #2 (Thinkpad)]: pattern 5649445F, bin not found / already patched!
25:462  0:000  9. [Rename EHC1 to EH01 (USB)]: pattern 45484331, bin not found / already patched!
25:462  0:000  10. [Rename EHC2 to EH02 (USB)]: pattern 45484332, bin not found / already patched!
25:462  0:000  11. [Rename XHCI to XHC (USB)]: pattern 58484349, bin not found / already patched!
25:462  0:000  12. [Rename XHC1 to XHC (USB)]: pattern 58484331, bin not found / already patched!
25:462  0:000    0 replacements
25:462  0:000  0. [change _DSM to XSDM]: disabled
25:462  0:000  1. [change OSID to IDOS]: disabled
25:462  0:000  2. [change _OSI to XOSI]: disabled
25:462  0:000  3. [change HDAS to HDEF]: pattern 48444153, patched at: [ (20) (48) ]
25:462  0:000  4. [change HECI to IMEI]: pattern 48454349, bin not found / already patched!
25:462  0:000  5. [change GFX0 to IGPU]: pattern 47465830, bin not found / already patched!
25:462  0:000  6. [change SAT0 to SATA]: pattern 53415430, bin not found / already patched!
25:462  0:000  7. [change PCI0.VID to IGPU #1 (Thinkpad)]: pattern 50434930, bin not found / already patched!
25:462  0:000  8. [change PCI0.VID to IGPU #2 (Thinkpad)]: pattern 5649445F, bin not found / already patched!
25:462  0:000  9. [Rename EHC1 to EH01 (USB)]: pattern 45484331, bin not found / already patched!
25:462  0:000  10. [Rename EHC2 to EH02 (USB)]: pattern 45484332, bin not found / already patched!
25:462  0:000  11. [Rename XHCI to XHC (USB)]: pattern 58484349, bin not found / already patched!
25:462  0:000  12. [Rename XHC1 to XHC (USB)]: pattern 58484331, bin not found / already patched!
25:462  0:000    0 replacements
25:462  0:000  0. [change _DSM to XSDM]: disabled
25:462  0:000  1. [change OSID to IDOS]: disabled
25:462  0:000  2. [change _OSI to XOSI]: disabled
25:462  0:000  3. [change HDAS to HDEF]: pattern 48444153, bin not found / already patched!
25:462  0:000  4. [change HECI to IMEI]: pattern 48454349, bin not found / already patched!
25:462  0:000  5. [change GFX0 to IGPU]: pattern 47465830, bin not found / already patched!
25:462  0:000  6. [change SAT0 to SATA]: pattern 53415430, bin not found / already patched!
25:462  0:000  7. [change PCI0.VID to IGPU #1 (Thinkpad)]: pattern 50434930, bin not found / already patched!
25:462  0:000  8. [change PCI0.VID to IGPU #2 (Thinkpad)]: pattern 5649445F, bin not found / already patched!
25:462  0:000  9. [Rename EHC1 to EH01 (USB)]: pattern 45484331, bin not found / already patched!
25:462  0:000  10. [Rename EHC2 to EH02 (USB)]: pattern 45484332, bin not found / already patched!
25:462  0:000  11. [Rename XHCI to XHC (USB)]: pattern 58484349, bin not found / already patched!
25:462  0:000  12. [Rename XHC1 to XHC (USB)]: pattern 58484331, bin not found / already patched!
25:462  0:000    0 replacements
25:462  0:000  === [ ACPIPatchedAML ] ====================================
25:462  0:000  AutoMerge pass 2
25:462  0:000  Unsorted
25:462  0:000  Inserting ssdt-rmne.aml from EFI\CLOVER\ACPI\patched: size=212 ... Success
25:463  0:000  Inserting SSDT-PNLF.aml from EFI\CLOVER\ACPI\patched: size=1028 ... Success
25:463  0:000  Inserting SSDT-USBX.aml from EFI\CLOVER\ACPI\patched: size=185 ... Success
25:463  0:000  Inserting SSDT-DiscreteSpoof.aml from EFI\CLOVER\ACPI\patched: size=610 ... Success
25:463  0:000  Inserting SSDT-XOSI.aml from EFI\CLOVER\ACPI\patched: size=178 ... Success
25:464  0:000  Inserting SSDT-UIAC.aml from EFI\CLOVER\ACPI\patched: size=303 ... Success
25:464  0:000  CPUBase=0 and ApicCPUBase=1 ApicCPUNum=16
25:464  0:000  Maximum control=0x12
25:464  0:000  Turbo control=0x22
25:464  0:000  P-States: min 0x4, max 0x22
25:464  0:000  SSDT with plugin-type without P-States is generated
25:464  0:000  Cleanup XSDT: count=37, length=332
25:464  0:000  corrected XSDT count=36, length=324
25:464  0:000  === [ RestSetup macOS ] ===================================
25:464  0:000  EdidDiscovered size=128
25:464  0:000  --- Discovered EDID Table size:128
25:464  0:000  000  |  00  FF  FF  FF  FF  FF  FF  00  30  E4
25:464  0:000  010  |  B1  05  00  00  00  00  00  1B  01  04
25:464  0:000  020  |  A5  1F  11  78  02  E8  B5  A2  59  54
25:464  0:000  030  |  A0  26  0A  50  54  00  00  00  01  01
25:464  0:000  040  |  01  01  01  01  01  01  01  01  01  01
25:464  0:000  050  |  01  01  01  01  2E  36  80  A0  70  38
25:464  0:000  060  |  1F  40  30  20  35  00  35  AE  10  00
25:464  0:000  070  |  00  19  00  00  00  00  00  00  00  00
25:464  0:000  080  |  00  00  00  00  00  00  00  00  00  00
25:464  0:000  090  |  00  00  00  FE  00  4C  47  20  44  69
25:464  0:000  100  |  73  70  6C  61  79  0A  20  20  00  00
25:464  0:000  110  |  00  FE  00  4C  50  31  34  30  57  46
25:464  0:000  120  |  37  2D  53  50  47  31  00  25
25:464  0:000  add device: PciRoot(0x0)/Pci(0x2,0x0)
25:464  0:000     Add key=framebuffer-unifiedmem valuelen=4
25:464  0:000     Add key=framebuffer-stolenmem valuelen=4
25:464  0:000     Add key=framebuffer-pipecount valuelen=4
25:464  0:000     Add key=framebuffer-patch-enable valuelen=4
25:464  0:000     Add key=framebuffer-memorycount valuelen=4
25:464  0:000     Add key=framebuffer-fbmem valuelen=4
25:464  0:000     Add key=framebuffer-con2-flags valuelen=4
25:464  0:000     Add key=framebuffer-con2-enable valuelen=4
25:464  0:000     Add key=framebuffer-con2-busid valuelen=4
25:464  0:000     Add key=framebuffer-con1-type valuelen=4
25:464  0:000     Add key=framebuffer-con1-enable valuelen=4
25:464  0:000     Add key=enable-hdmi20 valuelen=4
25:464  0:000     Add key=disable-external-gpu valuelen=4
25:464  0:000     Add key=device-id valuelen=4
25:464  0:000     Add key=AAPL,ig-platform-id valuelen=4
25:464  0:000  add device: PciRoot(0x0)/Pci(0x1F,0x3)
25:464  0:000     Add key=layout-id valuelen=4
25:464  0:000  Intel GFX injection not set
25:464  0:000  Intel GFX IntelBacklight
25:464  0:000    LEV2 = 0x80000000, LEVL = 0x1D4C1D4C, P0BL = 0x746, GRAN = 0x0
25:464  0:000    LEVW = 0x80000000, LEVX = 0x1D4C1D4C, LEVD = 0xFD, PCHL = 0x0
25:464  0:000    Write macOS LEVW: 0xC0000000
25:464  0:000    Read default Framebuffer LEVX: 0x56C
25:464  0:000    Write new LEVX: 0x56C056C
25:464  0:000   RCBA disabled; cannot use it
25:465  0:000  stringlength = 2404
25:465  0:000  CurrentMode: Width=1920 Height=1080
25:465  0:000  Beginning FSInjection
FSInjectionInstall ...
- Our FSI_SIMPLE_FILE_SYSTEM_PROTOCOL installed on handle: A8205B98
FSInjectionInstall ...
- Our FSI_SIMPLE_FILE_SYSTEM_PROTOCOL installed on handle: A8205B98
25:470  0:005  Use origin smbios table type 1 guid.
25:473  0:002    Force kext: System\Library\Extensions\IONetworkingFamily.kext
25:546  0:072      Force PlugIn kext: System\Library\Extensions\IONetworkingFamily.kext\Contents\PlugIns\nvenet.kext
25:583  0:036      Force PlugIn kext: System\Library\Extensions\IONetworkingFamily.kext\Contents\PlugIns\AppleEthernetAquantiaAqtion.kext
25:626  0:042      Force PlugIn kext: System\Library\Extensions\IONetworkingFamily.kext\Contents\PlugIns\AppleBCM5701Ethernet.kext
25:672  0:046      Force PlugIn kext: System\Library\Extensions\IONetworkingFamily.kext\Contents\PlugIns\AppleIntelI210Ethernet.kext
25:708  0:036      Force PlugIn kext: System\Library\Extensions\IONetworkingFamily.kext\Contents\PlugIns\Intel82574L.kext
25:747  0:038      Force PlugIn kext: System\Library\Extensions\IONetworkingFamily.kext\Contents\PlugIns\IOEthernetAVBController.kext
25:778  0:030      Force PlugIn kext: System\Library\Extensions\IONetworkingFamily.kext\Contents\PlugIns\AppleYukon2.kext
25:869  0:091      Force PlugIn kext: System\Library\Extensions\IONetworkingFamily.kext\Contents\PlugIns\AppleEthernetAquantiaAqtionFirmware.kext
25:902  0:033      Force PlugIn kext: System\Library\Extensions\IONetworkingFamily.kext\Contents\PlugIns\AppleIntel8254XEthernet.kext
25:936  0:033      Force PlugIn kext: System\Library\Extensions\IONetworkingFamily.kext\Contents\PlugIns\AppleVmxnet3Ethernet.kext
25:968  0:032      Force PlugIn kext: System\Library\Extensions\IONetworkingFamily.kext\Contents\PlugIns\mDNSOffloadUserClient.kext
25:999  0:030  Preparing kexts injection for arch=x86_64 from EFI\CLOVER\kexts\Other
25:999  0:000  Extra kext: EFI\CLOVER\kexts\Other\VirtualSMC.kext (v.1.0.2)
26:021  0:022  Extra kext: EFI\CLOVER\kexts\Other\SMCProcessor.kext (v.1.0.2)
26:042  0:021  Extra kext: EFI\CLOVER\kexts\Other\CodecCommander.kext (v.2.7.1)
26:074  0:031  Extra kext: EFI\CLOVER\kexts\Other\WhateverGreen.kext (v.1.2.7)
26:114  0:040  Extra kext: EFI\CLOVER\kexts\Other\AppleALC.kext (v.1.3.6)
26:858  0:744  Extra kext: EFI\CLOVER\kexts\Other\SMCBatteryManager.kext (v.1)
26:882  0:023  Extra kext: EFI\CLOVER\kexts\Other\USBInjectAll.kext (v.0.7.1)
27:971  1:088  Extra kext: EFI\CLOVER\kexts\Other\Lilu.kext (v.1.3.5)
27:992  0:020  Extra kext: EFI\CLOVER\kexts\Other\VoodooI2C.kext (v.2.1.4)
28:080  0:088    |-- PlugIn kext: EFI\CLOVER\kexts\Other\VoodooI2C.kext\Contents\PlugIns\VoodooI2CServices.kext (v.1)
28:100  0:020    |-- PlugIn kext: EFI\CLOVER\kexts\Other\VoodooI2C.kext\Contents\PlugIns\VoodooGPIO.kext (v.1.1)
28:125  0:025  Extra kext: EFI\CLOVER\kexts\Other\CPUFriend.kext (v.1.1.6)
28:150  0:024  Extra kext: EFI\CLOVER\kexts\Other\VoodooPS2Controller.kext (v.1.9.2)
28:185  0:034    |-- PlugIn kext: EFI\CLOVER\kexts\Other\VoodooPS2Controller.kext\Contents\PlugIns\VoodooPS2Mouse.kext (v.1.9.2)
28:222  0:037    |-- PlugIn kext: EFI\CLOVER\kexts\Other\VoodooPS2Controller.kext\Contents\PlugIns\VoodooPS2Keyboard.kext (v.1.9.2)
28:339  0:116    |-- PlugIn kext: EFI\CLOVER\kexts\Other\VoodooPS2Controller.kext\Contents\PlugIns\VoodooPS2Trackpad.kext (v.1.9.2)
28:432  0:093  Extra kext: EFI\CLOVER\kexts\Other\CPUFriendDataProvider.kext (v.1.0.0)
28:524  0:092  Extra kext: EFI\CLOVER\kexts\Other\VoodooI2CHID.kext (v.1)
28:595  0:071  Extra kext: EFI\CLOVER\kexts\Other\NullEthernet.kext (v.1.0.6)
28:624  0:028  Custom boot screen not used because entry has unset use graphics
28:624  0:000  Closing log
